<?xml version="1.0" encoding="UTF-8"?>
<!-- Generated by org.testng.reporters.JUnitReportReporter -->
<testsuite skipped="0" hostname="HP-PC" name="execution.MouseExecu" tests="1" failures="0" timestamp="25 Apr 2018 18:07:59 GMT" time="31.322" errors="0">
  <testcase name="browserm" time="31.322" classname="execution.MouseExecu"/>
</testsuite> <!-- execution.MouseExecu -->
